<?xml version="1.0" encoding="UTF-8"?>
<testng-results skipped="0" failed="0" ignored="0" total="1" passed="1">
  <reporter-output>
  </reporter-output>
  <suite name="Suite" duration-ms="23787" started-at="2017-10-16T17:04:18Z" finished-at="2017-10-16T17:04:42Z">
    <groups>
    </groups>
    <test name="Test" duration-ms="23787" started-at="2017-10-16T17:04:18Z" finished-at="2017-10-16T17:04:42Z">
      <class name="Test.HMSLogin">
        <test-method status="PASS" signature="GeneratingReport()[pri:0, instance:Test.HMSLogin@20e2cbe0]" name="GeneratingReport" is-config="true" duration-ms="695" started-at="2017-10-16T22:34:18Z" finished-at="2017-10-16T22:34:18Z">
          <reporter-output>
          </reporter-output>
        </test-method> <!-- GeneratingReport -->
        <test-method status="PASS" signature="initialization(java.lang.String, java.lang.String)[pri:0, instance:Test.HMSLogin@20e2cbe0]" name="initialization" is-config="true" duration-ms="13352" started-at="2017-10-16T22:34:18Z" finished-at="2017-10-16T22:34:32Z">
          <params>
            <param index="0">
              <value>
                <![CDATA[Chrome]]>
              </value>
            </param>
            <param index="1">
              <value>
                <![CDATA[QA]]>
              </value>
            </param>
          </params>
          <reporter-output>
          </reporter-output>
        </test-method> <!-- initialization -->
        <test-method status="PASS" signature="login()[pri:1, instance:Test.HMSLogin@20e2cbe0]" name="login" duration-ms="7121" started-at="2017-10-16T22:34:32Z" finished-at="2017-10-16T22:34:39Z">
          <reporter-output>
          </reporter-output>
        </test-method> <!-- login -->
        <test-method status="PASS" signature="extentEnd()[pri:0, instance:Test.HMSLogin@20e2cbe0]" name="extentEnd" is-config="true" duration-ms="3274" started-at="2017-10-16T22:34:39Z" finished-at="2017-10-16T22:34:42Z">
          <reporter-output>
          </reporter-output>
        </test-method> <!-- extentEnd -->
      </class> <!-- Test.HMSLogin -->
    </test> <!-- Test -->
  </suite> <!-- Suite -->
</testng-results>
